# JRE version: OpenJDK Runtime Environment Temurin-21.0.3+9 (21.0.3+9) (build 21.0.3+9-LTS)
# Java VM: OpenJDK 64-Bit Server VM Temurin-21.0.3+9 (21.0.3+9-LTS, mixed mode, emulated-client, tiered, compressed oops, compressed class ptrs, g1 gc, windows-amd64)
GC Precious Log:
 CardTable entry size: 512
 Card Set container configuration: InlinePtr #cards 5 size 8 Array Of Cards #cards 12 size 40 Howl #buckets 4 coarsen threshold 1843 Howl Bitmap #cards 512 size 80 coarsen threshold 460 Card regions per heap region 1 cards per card region 2048
 CPUs: 4 total, 4 available
 Memory: 7932M
 Large Page Support: Disabled
 NUMA Support: Disabled
 Compressed Oops: Enabled (32-bit)
 Heap Region Size: 1M
 Heap Min Capacity: 8M
 Heap Initial Capacity: 124M
 Heap Max Capacity: 1984M
 Pre-touch: Disabled
 Parallel Workers: 4
 Concurrent Workers: 1
 Concurrent Refinement Workers: 4
 Periodic GC: Disabled
Heap:
 garbage-first heap   total 109568K, used 80896K [0x0000000084000000, 0x0000000100000000)
  region size 1024K, 25 young (25600K), 4 survivors (4096K)
 Metaspace       used 77617K, committed 78400K, reserved 1179648K
  class space    used 10311K, committed 10688K, reserved 1048576K
GC Heap History (20 events):
Event: 15.258 GC heap before
{Heap before GC invocations=20 (full 0):
 garbage-first heap   total 55296K, used 48369K [0x0000000084000000, 0x0000000100000000)
  region size 1024K, 23 young (23552K), 1 survivors (1024K)
 Metaspace       used 65657K, committed 66240K, reserved 1114112K
  class space    used 8585K, committed 8832K, reserved 1048576K
}
Event: 15.264 GC heap after
{Heap after GC invocations=21 (full 0):
 garbage-first heap   total 55296K, used 26539K [0x0000000084000000, 0x0000000100000000)
  region size 1024K, 2 young (2048K), 2 survivors (2048K)
 Metaspace       used 65657K, committed 66240K, reserved 1114112K
  class space    used 8585K, committed 8832K, reserved 1048576K
}
Event: 16.755 GC heap before
{Heap before GC invocations=21 (full 0):
 garbage-first heap   total 55296K, used 47019K [0x0000000084000000, 0x0000000100000000)
  region size 1024K, 23 young (23552K), 2 survivors (2048K)
 Metaspace       used 70897K, committed 71488K, reserved 1114112K
  class space    used 9265K, committed 9536K, reserved 1048576K
}
Event: 16.761 GC heap after
{Heap after GC invocations=22 (full 0):
 garbage-first heap   total 55296K, used 28017K [0x0000000084000000, 0x0000000100000000)
  region size 1024K, 3 young (3072K), 3 survivors (3072K)
 Metaspace       used 70897K, committed 71488K, reserved 1114112K
  class space    used 9265K, committed 9536K, reserved 1048576K
}
Event: 18.228 GC heap before
{Heap before GC invocations=23 (full 0):
 garbage-first heap   total 55296K, used 47473K [0x0000000084000000, 0x0000000100000000)
  region size 1024K, 22 young (22528K), 3 survivors (3072K)
 Metaspace       used 73599K, committed 74240K, reserved 1114112K
  class space    used 9769K, committed 10048K, reserved 1048576K
}
Event: 18.237 GC heap after
{Heap after GC invocations=24 (full 0):
 garbage-first heap   total 55296K, used 29759K [0x0000000084000000, 0x0000000100000000)
  region size 1024K, 3 young (3072K), 3 survivors (3072K)
 Metaspace       used 73599K, committed 74240K, reserved 1114112K
  class space    used 9769K, committed 10048K, reserved 1048576K
}
Event: 18.914 GC heap before
{Heap before GC invocations=24 (full 0):
 garbage-first heap   total 55296K, used 47167K [0x0000000084000000, 0x0000000100000000)
  region size 1024K, 20 young (20480K), 3 survivors (3072K)
 Metaspace       used 76011K, committed 76672K, reserved 1179648K
  class space    used 10100K, committed 10368K, reserved 1048576K
}
Event: 18.925 GC heap after
{Heap after GC invocations=25 (full 0):
 garbage-first heap   total 55296K, used 31290K [0x0000000084000000, 0x0000000100000000)
  region size 1024K, 2 young (2048K), 2 survivors (2048K)
 Metaspace       used 76011K, committed 76672K, reserved 1179648K
  class space    used 10100K, committed 10368K, reserved 1048576K
}
Event: 19.402 GC heap before
{Heap before GC invocations=25 (full 0):
 garbage-first heap   total 55296K, used 43578K [0x0000000084000000, 0x0000000100000000)
  region size 1024K, 16 young (16384K), 2 survivors (2048K)
 Metaspace       used 77534K, committed 78272K, reserved 1179648K
  class space    used 10291K, committed 10624K, reserved 1048576K
}
Event: 19.410 GC heap after
{Heap after GC invocations=26 (full 0):
 garbage-first heap   total 55296K, used 32641K [0x0000000084000000, 0x0000000100000000)
  region size 1024K, 3 young (3072K), 3 survivors (3072K)
 Metaspace       used 77534K, committed 78272K, reserved 1179648K
  class space    used 10291K, committed 10624K, reserved 1048576K
}
Event: 19.549 GC heap before
{Heap before GC invocations=26 (full 0):
 garbage-first heap   total 76800K, used 46977K [0x0000000084000000, 0x0000000100000000)
  region size 1024K, 17 young (17408K), 3 survivors (3072K)
 Metaspace       used 77534K, committed 78272K, reserved 1179648K
  class space    used 10291K, committed 10624K, reserved 1048576K
}
Event: 19.558 GC heap after
{Heap after GC invocations=27 (full 0):
 garbage-first heap   total 76800K, used 35937K [0x0000000084000000, 0x0000000100000000)
  region size 1024K, 3 young (3072K), 3 survivors (3072K)
 Metaspace       used 77534K, committed 78272K, reserved 1179648K
  class space    used 10291K, committed 10624K, reserved 1048576K
}
Event: 19.976 GC heap before
{Heap before GC invocations=28 (full 0):
 garbage-first heap   total 76800K, used 66657K [0x0000000084000000, 0x0000000100000000)
  region size 1024K, 33 young (33792K), 3 survivors (3072K)
 Metaspace       used 77603K, committed 78400K, reserved 1179648K
  class space    used 10308K, committed 10688K, reserved 1048576K
}
Event: 19.989 GC heap after
{Heap after GC invocations=29 (full 0):
 garbage-first heap   total 79872K, used 45667K [0x0000000084000000, 0x0000000100000000)
  region size 1024K, 5 young (5120K), 5 survivors (5120K)
 Metaspace       used 77603K, committed 78400K, reserved 1179648K
  class space    used 10308K, committed 10688K, reserved 1048576K
}
Event: 20.093 GC heap before
{Heap before GC invocations=29 (full 0):
 garbage-first heap   total 79872K, used 67171K [0x0000000084000000, 0x0000000100000000)
  region size 1024K, 26 young (26624K), 5 survivors (5120K)
 Metaspace       used 77603K, committed 78400K, reserved 1179648K
  class space    used 10308K, committed 10688K, reserved 1048576K
}
Event: 20.101 GC heap after
{Heap after GC invocations=30 (full 0):
 garbage-first heap   total 102400K, used 49664K [0x0000000084000000, 0x0000000100000000)
  region size 1024K, 4 young (4096K), 4 survivors (4096K)
 Metaspace       used 77603K, committed 78400K, reserved 1179648K
  class space    used 10308K, committed 10688K, reserved 1048576K
}
Event: 20.333 GC heap before
{Heap before GC invocations=30 (full 0):
 garbage-first heap   total 102400K, used 80384K [0x0000000084000000, 0x0000000100000000)
  region size 1024K, 34 young (34816K), 4 survivors (4096K)
 Metaspace       used 77617K, committed 78400K, reserved 1179648K
  class space    used 10311K, committed 10688K, reserved 1048576K
}
Event: 20.345 GC heap after
{Heap after GC invocations=31 (full 0):
 garbage-first heap   total 102400K, used 57959K [0x0000000084000000, 0x0000000100000000)
  region size 1024K, 5 young (5120K), 5 survivors (5120K)
 Metaspace       used 77617K, committed 78400K, reserved 1179648K
  class space    used 10311K, committed 10688K, reserved 1048576K
}
Event: 20.752 GC heap before
{Heap before GC invocations=31 (full 0):
 garbage-first heap   total 102400K, used 81511K [0x0000000084000000, 0x0000000100000000)
  region size 1024K, 30 young (30720K), 5 survivors (5120K)
 Metaspace       used 77617K, committed 78400K, reserved 1179648K
  class space    used 10311K, committed 10688K, reserved 1048576K
}
Event: 20.764 GC heap after
{Heap after GC invocations=32 (full 0):
 garbage-first heap   total 102400K, used 65536K [0x0000000084000000, 0x0000000100000000)
  region size 1024K, 4 young (4096K), 4 survivors (4096K)
 Metaspace       used 77617K, committed 78400K, reserved 1179648K
  class space    used 10311K, committed 10688K, reserved 1048576K
}

