# JRE version: OpenJDK Runtime Environment Temurin-21.0.3+9 (21.0.3+9) (build 21.0.3+9-LTS)
# Java VM: OpenJDK 64-Bit Server VM Temurin-21.0.3+9 (21.0.3+9-LTS, mixed mode, emulated-client, tiered, compressed oops, compressed class ptrs, g1 gc, windows-amd64)
GC Precious Log:
 CardTable entry size: 512
 Card Set container configuration: InlinePtr #cards 5 size 8 Array Of Cards #cards 12 size 40 Howl #buckets 4 coarsen threshold 1843 Howl Bitmap #cards 512 size 80 coarsen threshold 460 Card regions per heap region 1 cards per card region 2048
 CPUs: 4 total, 4 available
 Memory: 7932M
 Large Page Support: Disabled
 NUMA Support: Disabled
 Compressed Oops: Enabled (32-bit)
 Heap Region Size: 1M
 Heap Min Capacity: 8M
 Heap Initial Capacity: 124M
 Heap Max Capacity: 1984M
 Pre-touch: Disabled
 Parallel Workers: 4
 Concurrent Workers: 1
 Concurrent Refinement Workers: 4
 Periodic GC: Disabled
Heap:
 garbage-first heap   total 76800K, used 54781K [0x0000000084000000, 0x0000000100000000)
  region size 1024K, 3 young (3072K), 3 survivors (3072K)
 Metaspace       used 77572K, committed 78272K, reserved 1179648K
  class space    used 10304K, committed 10624K, reserved 1048576K
GC Heap History (20 events):
Event: 16.621 GC heap after
{Heap after GC invocations=22 (full 0):
 garbage-first heap   total 45056K, used 26554K [0x0000000084000000, 0x0000000100000000)
  region size 1024K, 2 young (2048K), 2 survivors (2048K)
 Metaspace       used 67331K, committed 68032K, reserved 1114112K
  class space    used 8836K, committed 9152K, reserved 1048576K
}
Event: 17.473 GC heap before
{Heap before GC invocations=23 (full 0):
 garbage-first heap   total 50176K, used 38842K [0x0000000084000000, 0x0000000100000000)
  region size 1024K, 14 young (14336K), 2 survivors (2048K)
 Metaspace       used 69721K, committed 70400K, reserved 1114112K
  class space    used 9195K, committed 9536K, reserved 1048576K
}
Event: 17.479 GC heap after
{Heap after GC invocations=24 (full 0):
 garbage-first heap   total 50176K, used 27545K [0x0000000084000000, 0x0000000100000000)
  region size 1024K, 2 young (2048K), 2 survivors (2048K)
 Metaspace       used 69721K, committed 70400K, reserved 1114112K
  class space    used 9195K, committed 9536K, reserved 1048576K
}
Event: 18.505 GC heap before
{Heap before GC invocations=24 (full 0):
 garbage-first heap   total 50176K, used 43929K [0x0000000084000000, 0x0000000100000000)
  region size 1024K, 18 young (18432K), 2 survivors (2048K)
 Metaspace       used 73086K, committed 73792K, reserved 1114112K
  class space    used 9659K, committed 9984K, reserved 1048576K
}
Event: 18.510 GC heap after
{Heap after GC invocations=25 (full 0):
 garbage-first heap   total 50176K, used 28842K [0x0000000084000000, 0x0000000100000000)
  region size 1024K, 3 young (3072K), 3 survivors (3072K)
 Metaspace       used 73086K, committed 73792K, reserved 1114112K
  class space    used 9659K, committed 9984K, reserved 1048576K
}
Event: 19.125 GC heap before
{Heap before GC invocations=25 (full 0):
 garbage-first heap   total 50176K, used 43178K [0x0000000084000000, 0x0000000100000000)
  region size 1024K, 17 young (17408K), 3 survivors (3072K)
 Metaspace       used 74647K, committed 75392K, reserved 1114112K
  class space    used 9899K, committed 10240K, reserved 1048576K
}
Event: 19.132 GC heap after
{Heap after GC invocations=26 (full 0):
 garbage-first heap   total 50176K, used 29962K [0x0000000084000000, 0x0000000100000000)
  region size 1024K, 3 young (3072K), 3 survivors (3072K)
 Metaspace       used 74647K, committed 75392K, reserved 1114112K
  class space    used 9899K, committed 10240K, reserved 1048576K
}
Event: 19.917 GC heap before
{Heap before GC invocations=27 (full 0):
 garbage-first heap   total 53248K, used 42250K [0x0000000084000000, 0x0000000100000000)
  region size 1024K, 15 young (15360K), 3 survivors (3072K)
 Metaspace       used 76266K, committed 77056K, reserved 1179648K
  class space    used 10142K, committed 10496K, reserved 1048576K
}
Event: 19.923 GC heap after
{Heap after GC invocations=28 (full 0):
 garbage-first heap   total 53248K, used 30966K [0x0000000084000000, 0x0000000100000000)
  region size 1024K, 2 young (2048K), 2 survivors (2048K)
 Metaspace       used 76266K, committed 77056K, reserved 1179648K
  class space    used 10142K, committed 10496K, reserved 1048576K
}
Event: 20.564 GC heap before
{Heap before GC invocations=28 (full 0):
 garbage-first heap   total 53248K, used 47350K [0x0000000084000000, 0x0000000100000000)
  region size 1024K, 17 young (17408K), 2 survivors (2048K)
 Metaspace       used 77520K, committed 78272K, reserved 1179648K
  class space    used 10299K, committed 10624K, reserved 1048576K
}
Event: 20.572 GC heap after
{Heap after GC invocations=29 (full 0):
 garbage-first heap   total 53248K, used 34492K [0x0000000084000000, 0x0000000100000000)
  region size 1024K, 3 young (3072K), 3 survivors (3072K)
 Metaspace       used 77520K, committed 78272K, reserved 1179648K
  class space    used 10299K, committed 10624K, reserved 1048576K
}
Event: 20.637 GC heap before
{Heap before GC invocations=29 (full 0):
 garbage-first heap   total 53248K, used 45756K [0x0000000084000000, 0x0000000100000000)
  region size 1024K, 14 young (14336K), 3 survivors (3072K)
 Metaspace       used 77520K, committed 78272K, reserved 1179648K
  class space    used 10299K, committed 10624K, reserved 1048576K
}
Event: 20.644 GC heap after
{Heap after GC invocations=30 (full 0):
 garbage-first heap   total 53248K, used 36042K [0x0000000084000000, 0x0000000100000000)
  region size 1024K, 2 young (2048K), 2 survivors (2048K)
 Metaspace       used 77520K, committed 78272K, reserved 1179648K
  class space    used 10299K, committed 10624K, reserved 1048576K
}
Event: 20.733 GC heap before
{Heap before GC invocations=30 (full 0):
 garbage-first heap   total 76800K, used 45258K [0x0000000084000000, 0x0000000100000000)
  region size 1024K, 12 young (12288K), 2 survivors (2048K)
 Metaspace       used 77459K, committed 78272K, reserved 1179648K
  class space    used 10285K, committed 10624K, reserved 1048576K
}
Event: 20.738 GC heap after
{Heap after GC invocations=31 (full 0):
 garbage-first heap   total 76800K, used 38697K [0x0000000084000000, 0x0000000100000000)
  region size 1024K, 2 young (2048K), 2 survivors (2048K)
 Metaspace       used 77459K, committed 78272K, reserved 1179648K
  class space    used 10285K, committed 10624K, reserved 1048576K
}
Event: 21.074 GC heap before
{Heap before GC invocations=32 (full 0):
 garbage-first heap   total 76800K, used 65321K [0x0000000084000000, 0x0000000100000000)
  region size 1024K, 28 young (28672K), 2 survivors (2048K)
 Metaspace       used 77558K, committed 78272K, reserved 1179648K
  class space    used 10301K, committed 10624K, reserved 1048576K
}
Event: 21.084 GC heap after
{Heap after GC invocations=33 (full 0):
 garbage-first heap   total 76800K, used 46316K [0x0000000084000000, 0x0000000100000000)
  region size 1024K, 4 young (4096K), 4 survivors (4096K)
 Metaspace       used 77558K, committed 78272K, reserved 1179648K
  class space    used 10301K, committed 10624K, reserved 1048576K
}
Event: 21.234 GC heap before
{Heap before GC invocations=33 (full 0):
 garbage-first heap   total 76800K, used 63724K [0x0000000084000000, 0x0000000100000000)
  region size 1024K, 22 young (22528K), 4 survivors (4096K)
 Metaspace       used 77558K, committed 78272K, reserved 1179648K
  class space    used 10301K, committed 10624K, reserved 1048576K
}
Event: 21.243 GC heap after
{Heap after GC invocations=34 (full 0):
 garbage-first heap   total 76800K, used 50283K [0x0000000084000000, 0x0000000100000000)
  region size 1024K, 3 young (3072K), 3 survivors (3072K)
 Metaspace       used 77558K, committed 78272K, reserved 1179648K
  class space    used 10301K, committed 10624K, reserved 1048576K
}
Event: 21.347 GC heap before
{Heap before GC invocations=34 (full 0):
 garbage-first heap   total 76800K, used 60523K [0x0000000084000000, 0x0000000100000000)
  region size 1024K, 14 young (14336K), 3 survivors (3072K)
 Metaspace       used 77572K, committed 78272K, reserved 1179648K
  class space    used 10304K, committed 10624K, reserved 1048576K
}

